<?xml version="1.0" encoding="UTF-8"?>
<!-- Generated by org.testng.reporters.JUnitXMLReporter -->
<testsuite ignored="0" hostname="DESKTOP-GLJ0KBI" failures="0" tests="8" name="Test4321" time="0.083" errors="0" timestamp="2023-02-07T22:21:24 IST">
  <testcase classname="TestNGtest.testingclassNG" name="test3" time="0.006"/>
  <testcase classname="TestNGtest.testingclassNG" name="test4" time="0.002"/>
  <testcase classname="TestNGtest.testingclassNG" name="test1" time="0.003"/>
  <testcase classname="TestNGtest.testingclassNG" name="test2" time="0.002"/>
  <testcase classname="TestNGtest.testngtestA" name="testA" time="0.002"/>
  <testcase classname="TestNGtest.testngtestA" name="testD" time="0.003"/>
  <testcase classname="TestNGtest.testngtestA" name="testC" time="0.002"/>
  <testcase classname="TestNGtest.testngtestA" name="testB" time="0.002"/>
</testsuite> <!-- Test4321 -->
